<?xml version='1.0' encoding='UTF-8'?>
<testsuite hostname="eslab08" name="uvp_array.Array_Col_Test" tests="1" errors="0" failures="0" skipped="0" time="2.167" timestamp="2024-02-26T21:09:14">
                     <properties>
[...]
</properties>
                     <testcase classname="uvp_array.Array_Col_Test" name="HeadPE should produce right output" time="2.167">
                                                 
                                               </testcase>
                     <system-out><![CDATA[]]></system-out>
                     <system-err><![CDATA[]]></system-err>
                   </testsuite>